<?xml version="1.0" encoding="utf-8"?>
<TestRun id="083e3d6a-a561-42c3-8382-323eae640d47" name="coxte@RAINPC 2026-07-10 13:18:03" runUser="RAINPC\coxte" xmlns="http://microsoft.com/schemas/VisualStudio/TeamTest/2010">
  <Times creation="2026-07-10T13:18:03.1121201+08:00" queuing="2026-07-10T13:18:03.1121201+08:00" start="2026-07-10T13:18:01.7063819+08:00" finish="2026-07-10T13:18:03.1321062+08:00" />
  <TestSettings name="default" id="6fdce993-95e4-42ca-930e-47d09a185cee">
    <Deployment runDeploymentRoot="coxte_RAINPC_2026-07-10_13_18_03" />
  </TestSettings>
  <Results>
    <UnitTestResult executionId="7bbac6d3-a917-4c79-ae0c-5d0f06d056bb" testId="d7de5d86-fd1b-1523-3ff2-31f7bcda27f2" testName="ThumbnailImageLoader_NestedType_Is_Extracted" computerName="RAINPC" duration="00:00:00.0010000" startTime="2026-07-10T13:18:02.9780483+08:00" endTime="2026-07-10T13:18:02.9786295+08:00" testType="13cdc9d9-ddb5-4fa4-a97d-d965ccfc6d4b" outcome="Failed" testListId="8c84fa94-04c1-424b-9868-57a2d4851a1d" relativeResultsDirectory="7bbac6d3-a917-4c79-ae0c-5d0f06d056bb">
      <Output>
        <ErrorInfo>
          <Message>  ThumbnailImageLoader nested helper must be extracted from ThumbnailTooltipForm&#xD;
  Expected: not null&#xD;
  But was:  null&#xD;
</Message>
          <StackTrace>   在 QTTtabBarTests.ArchitectureBatch10ThumbnailImageLoaderTests.ThumbnailImageLoader_NestedType_Is_Extracted() 位置 D:\Project\QTTabBar-Next\Tests\QTTtabBarTests\ArchitectureBatch10ThumbnailImageLoaderTests.cs:行号 28&#xD;

1)    在 QTTtabBarTests.ArchitectureBatch10ThumbnailImageLoaderTests.ThumbnailImageLoader_NestedType_Is_Extracted() 位置 D:\Project\QTTabBar-Next\Tests\QTTtabBarTests\ArchitectureBatch10ThumbnailImageLoaderTests.cs:行号 28&#xD;

</StackTrace>
        </ErrorInfo>
      </Output>
    </UnitTestResult>
    <UnitTestResult executionId="c6181148-d7fd-4e48-873d-7f552afb2efb" testId="85975246-c2e3-37d5-151b-12fb54184662" testName="ImageLoad_Methods_Moved_Into_Loader" computerName="RAINPC" duration="00:00:00.0570000" startTime="2026-07-10T13:18:02.9191979+08:00" endTime="2026-07-10T13:18:02.9768490+08:00" testType="13cdc9d9-ddb5-4fa4-a97d-d965ccfc6d4b" outcome="Failed" testListId="8c84fa94-04c1-424b-9868-57a2d4851a1d" relativeResultsDirectory="c6181148-d7fd-4e48-873d-7f552afb2efb">
      <Output>
        <ErrorInfo>
          <Message>  ThumbnailImageLoader must exist&#xD;
  Expected: not null&#xD;
  But was:  null&#xD;
</Message>
          <StackTrace>   在 QTTtabBarTests.ArchitectureBatch10ThumbnailImageLoaderTests.ImageLoad_Methods_Moved_Into_Loader() 位置 D:\Project\QTTabBar-Next\Tests\QTTtabBarTests\ArchitectureBatch10ThumbnailImageLoaderTests.cs:行号 35&#xD;

1)    在 QTTtabBarTests.ArchitectureBatch10ThumbnailImageLoaderTests.ImageLoad_Methods_Moved_Into_Loader() 位置 D:\Project\QTTabBar-Next\Tests\QTTtabBarTests\ArchitectureBatch10ThumbnailImageLoaderTests.cs:行号 35&#xD;

</StackTrace>
        </ErrorInfo>
      </Output>
    </UnitTestResult>
    <UnitTestResult executionId="66e749e1-11f0-4c24-8013-11cc133a9fc6" testId="b95918bd-0738-fe72-6103-417b185341c9" testName="ThumbnailTooltipForm_Delegates_ImageLoad_To_Loader" computerName="RAINPC" duration="00:00:00.0030000" startTime="2026-07-10T13:18:02.9786295+08:00" endTime="2026-07-10T13:18:02.9813789+08:00" testType="13cdc9d9-ddb5-4fa4-a97d-d965ccfc6d4b" outcome="Failed" testListId="8c84fa94-04c1-424b-9868-57a2d4851a1d" relativeResultsDirectory="66e749e1-11f0-4c24-8013-11cc133a9fc6">
      <Output>
        <ErrorInfo>
          <Message>  ThumbnailTooltipForm should declare and use the extracted ThumbnailImageLoader&#xD;
  Expected: True&#xD;
  But was:  False&#xD;
</Message>
          <StackTrace>   在 QTTtabBarTests.ArchitectureBatch10ThumbnailImageLoaderTests.ThumbnailTooltipForm_Delegates_ImageLoad_To_Loader() 位置 D:\Project\QTTabBar-Next\Tests\QTTtabBarTests\ArchitectureBatch10ThumbnailImageLoaderTests.cs:行号 53&#xD;

1)    在 QTTtabBarTests.ArchitectureBatch10ThumbnailImageLoaderTests.ThumbnailTooltipForm_Delegates_ImageLoad_To_Loader() 位置 D:\Project\QTTabBar-Next\Tests\QTTtabBarTests\ArchitectureBatch10ThumbnailImageLoaderTests.cs:行号 53&#xD;

</StackTrace>
        </ErrorInfo>
      </Output>
    </UnitTestResult>
  </Results>
  <TestDefinitions>
    <UnitTest name="ThumbnailImageLoader_NestedType_Is_Extracted" storage="d:\project\qttabbar-next\tests\qtttabbartests\bin\debug\net48\qtttabbartests.dll" id="d7de5d86-fd1b-1523-3ff2-31f7bcda27f2">
      <Execution id="7bbac6d3-a917-4c79-ae0c-5d0f06d056bb" />
      <TestMethod codeBase="D:\Project\QTTabBar-Next\Tests\QTTtabBarTests\bin\Debug\net48\QTTtabBarTests.dll" adapterTypeName="executor://nunit3testexecutor/" className="QTTtabBarTests.ArchitectureBatch10ThumbnailImageLoaderTests" name="ThumbnailImageLoader_NestedType_Is_Extracted" />
    </UnitTest>
    <UnitTest name="ImageLoad_Methods_Moved_Into_Loader" storage="d:\project\qttabbar-next\tests\qtttabbartests\bin\debug\net48\qtttabbartests.dll" id="85975246-c2e3-37d5-151b-12fb54184662">
      <Execution id="c6181148-d7fd-4e48-873d-7f552afb2efb" />
      <TestMethod codeBase="D:\Project\QTTabBar-Next\Tests\QTTtabBarTests\bin\Debug\net48\QTTtabBarTests.dll" adapterTypeName="executor://nunit3testexecutor/" className="QTTtabBarTests.ArchitectureBatch10ThumbnailImageLoaderTests" name="ImageLoad_Methods_Moved_Into_Loader" />
    </UnitTest>
    <UnitTest name="ThumbnailTooltipForm_Delegates_ImageLoad_To_Loader" storage="d:\project\qttabbar-next\tests\qtttabbartests\bin\debug\net48\qtttabbartests.dll" id="b95918bd-0738-fe72-6103-417b185341c9">
      <Execution id="66e749e1-11f0-4c24-8013-11cc133a9fc6" />
      <TestMethod codeBase="D:\Project\QTTabBar-Next\Tests\QTTtabBarTests\bin\Debug\net48\QTTtabBarTests.dll" adapterTypeName="executor://nunit3testexecutor/" className="QTTtabBarTests.ArchitectureBatch10ThumbnailImageLoaderTests" name="ThumbnailTooltipForm_Delegates_ImageLoad_To_Loader" />
    </UnitTest>
  </TestDefinitions>
  <TestEntries>
    <TestEntry testId="d7de5d86-fd1b-1523-3ff2-31f7bcda27f2" executionId="7bbac6d3-a917-4c79-ae0c-5d0f06d056bb" testListId="8c84fa94-04c1-424b-9868-57a2d4851a1d" />
    <TestEntry testId="85975246-c2e3-37d5-151b-12fb54184662" executionId="c6181148-d7fd-4e48-873d-7f552afb2efb" testListId="8c84fa94-04c1-424b-9868-57a2d4851a1d" />
    <TestEntry testId="b95918bd-0738-fe72-6103-417b185341c9" executionId="66e749e1-11f0-4c24-8013-11cc133a9fc6" testListId="8c84fa94-04c1-424b-9868-57a2d4851a1d" />
  </TestEntries>
  <TestLists>
    <TestList name="列表中未列出的结果" id="8c84fa94-04c1-424b-9868-57a2d4851a1d" />
    <TestList name="所有已加载的结果" id="19431567-8539-422a-85d7-44ee4e166bda" />
  </TestLists>
  <ResultSummary outcome="Failed">
    <Counters total="3" executed="3" passed="0" failed="3" error="0" timeout="0" aborted="0" inconclusive="0" passedButRunAborted="0" notRunnable="0" notExecuted="0" disconnected="0" warning="0" completed="0" inProgress="0" pending="0" />
    <Output>
      <StdOut>NUnit Adapter 4.5.0.0: Test execution started&#xD;
Running selected tests in D:\Project\QTTabBar-Next\Tests\QTTtabBarTests\bin\Debug\net48\QTTtabBarTests.dll&#xD;
   NUnit3TestExecutor discovered 3 of 3 NUnit test cases using Current Discovery mode, Non-Explicit run&#xD;
NUnit Adapter 4.5.0.0: Test execution complete&#xD;
</StdOut>
    </Output>
  </ResultSummary>
</TestRun>