<?xml version="1.0" encoding="utf-8"?>
<TestRun id="ac421cfd-2302-448c-ac5c-42a74150f70e" name="coxte@RAINPC 2026-07-10 13:38:06" runUser="RAINPC\coxte" xmlns="http://microsoft.com/schemas/VisualStudio/TeamTest/2010">
  <Times creation="2026-07-10T13:38:06.3030863+08:00" queuing="2026-07-10T13:38:06.3030863+08:00" start="2026-07-10T13:38:04.8898288+08:00" finish="2026-07-10T13:38:06.3233193+08:00" />
  <TestSettings name="default" id="66393c5d-401a-4a75-b74a-ed96ff9547e9">
    <Deployment runDeploymentRoot="coxte_RAINPC_2026-07-10_13_38_06" />
  </TestSettings>
  <Results>
    <UnitTestResult executionId="d5e30c5b-0bd4-44a0-8d07-0d05d32d1cdd" testId="690eaa2f-3ec8-b9a1-f85b-0c9f18ca4a44" testName="TextLoad_Methods_Moved_Into_Loader" computerName="RAINPC" duration="00:00:00.0010000" startTime="2026-07-10T13:38:06.1762308+08:00" endTime="2026-07-10T13:38:06.1762308+08:00" testType="13cdc9d9-ddb5-4fa4-a97d-d965ccfc6d4b" outcome="Failed" testListId="8c84fa94-04c1-424b-9868-57a2d4851a1d" relativeResultsDirectory="d5e30c5b-0bd4-44a0-8d07-0d05d32d1cdd">
      <Output>
        <ErrorInfo>
          <Message>  TextFileLoader must exist&#xD;
  Expected: not null&#xD;
  But was:  null&#xD;
</Message>
          <StackTrace>   在 QTTtabBarTests.ArchitectureBatch10TextFileLoaderTests.TextLoad_Methods_Moved_Into_Loader() 位置 D:\Project\QTTabBar-Next\Tests\QTTtabBarTests\ArchitectureBatch10TextFileLoaderTests.cs:行号 35&#xD;

1)    在 QTTtabBarTests.ArchitectureBatch10TextFileLoaderTests.TextLoad_Methods_Moved_Into_Loader() 位置 D:\Project\QTTabBar-Next\Tests\QTTtabBarTests\ArchitectureBatch10TextFileLoaderTests.cs:行号 35&#xD;

</StackTrace>
        </ErrorInfo>
      </Output>
    </UnitTestResult>
    <UnitTestResult executionId="d2a529c8-6410-4e60-ac0c-68903aaede65" testId="f144c483-d9b2-0e6e-0104-1138b0b8d95e" testName="TextFileLoader_NestedType_Is_Extracted" computerName="RAINPC" duration="00:00:00.0520000" startTime="2026-07-10T13:38:06.1232298+08:00" endTime="2026-07-10T13:38:06.1752321+08:00" testType="13cdc9d9-ddb5-4fa4-a97d-d965ccfc6d4b" outcome="Failed" testListId="8c84fa94-04c1-424b-9868-57a2d4851a1d" relativeResultsDirectory="d2a529c8-6410-4e60-ac0c-68903aaede65">
      <Output>
        <ErrorInfo>
          <Message>  TextFileLoader nested helper must be extracted from ThumbnailTooltipForm&#xD;
  Expected: not null&#xD;
  But was:  null&#xD;
</Message>
          <StackTrace>   在 QTTtabBarTests.ArchitectureBatch10TextFileLoaderTests.TextFileLoader_NestedType_Is_Extracted() 位置 D:\Project\QTTabBar-Next\Tests\QTTtabBarTests\ArchitectureBatch10TextFileLoaderTests.cs:行号 28&#xD;

1)    在 QTTtabBarTests.ArchitectureBatch10TextFileLoaderTests.TextFileLoader_NestedType_Is_Extracted() 位置 D:\Project\QTTabBar-Next\Tests\QTTtabBarTests\ArchitectureBatch10TextFileLoaderTests.cs:行号 28&#xD;

</StackTrace>
        </ErrorInfo>
      </Output>
    </UnitTestResult>
    <UnitTestResult executionId="c994b3a7-937c-4716-bbe9-e3141de9626f" testId="04d7f7c7-4d74-4bac-27a2-8043fabddce2" testName="ThumbnailTooltipForm_Delegates_TextLoad_To_Loader" computerName="RAINPC" duration="00:00:00.0020000" startTime="2026-07-10T13:38:06.1762308+08:00" endTime="2026-07-10T13:38:06.1792311+08:00" testType="13cdc9d9-ddb5-4fa4-a97d-d965ccfc6d4b" outcome="Failed" testListId="8c84fa94-04c1-424b-9868-57a2d4851a1d" relativeResultsDirectory="c994b3a7-937c-4716-bbe9-e3141de9626f">
      <Output>
        <ErrorInfo>
          <Message>  ThumbnailTooltipForm should delegate text loading to TextFileLoader&#xD;
  Expected: True&#xD;
  But was:  False&#xD;
</Message>
          <StackTrace>   在 QTTtabBarTests.ArchitectureBatch10TextFileLoaderTests.ThumbnailTooltipForm_Delegates_TextLoad_To_Loader() 位置 D:\Project\QTTabBar-Next\Tests\QTTtabBarTests\ArchitectureBatch10TextFileLoaderTests.cs:行号 52&#xD;

1)    在 QTTtabBarTests.ArchitectureBatch10TextFileLoaderTests.ThumbnailTooltipForm_Delegates_TextLoad_To_Loader() 位置 D:\Project\QTTabBar-Next\Tests\QTTtabBarTests\ArchitectureBatch10TextFileLoaderTests.cs:行号 52&#xD;

</StackTrace>
        </ErrorInfo>
      </Output>
    </UnitTestResult>
  </Results>
  <TestDefinitions>
    <UnitTest name="ThumbnailTooltipForm_Delegates_TextLoad_To_Loader" storage="d:\project\qttabbar-next\tests\qtttabbartests\bin\debug\net48\qtttabbartests.dll" id="04d7f7c7-4d74-4bac-27a2-8043fabddce2">
      <Execution id="c994b3a7-937c-4716-bbe9-e3141de9626f" />
      <TestMethod codeBase="D:\Project\QTTabBar-Next\Tests\QTTtabBarTests\bin\Debug\net48\QTTtabBarTests.dll" adapterTypeName="executor://nunit3testexecutor/" className="QTTtabBarTests.ArchitectureBatch10TextFileLoaderTests" name="ThumbnailTooltipForm_Delegates_TextLoad_To_Loader" />
    </UnitTest>
    <UnitTest name="TextLoad_Methods_Moved_Into_Loader" storage="d:\project\qttabbar-next\tests\qtttabbartests\bin\debug\net48\qtttabbartests.dll" id="690eaa2f-3ec8-b9a1-f85b-0c9f18ca4a44">
      <Execution id="d5e30c5b-0bd4-44a0-8d07-0d05d32d1cdd" />
      <TestMethod codeBase="D:\Project\QTTabBar-Next\Tests\QTTtabBarTests\bin\Debug\net48\QTTtabBarTests.dll" adapterTypeName="executor://nunit3testexecutor/" className="QTTtabBarTests.ArchitectureBatch10TextFileLoaderTests" name="TextLoad_Methods_Moved_Into_Loader" />
    </UnitTest>
    <UnitTest name="TextFileLoader_NestedType_Is_Extracted" storage="d:\project\qttabbar-next\tests\qtttabbartests\bin\debug\net48\qtttabbartests.dll" id="f144c483-d9b2-0e6e-0104-1138b0b8d95e">
      <Execution id="d2a529c8-6410-4e60-ac0c-68903aaede65" />
      <TestMethod codeBase="D:\Project\QTTabBar-Next\Tests\QTTtabBarTests\bin\Debug\net48\QTTtabBarTests.dll" adapterTypeName="executor://nunit3testexecutor/" className="QTTtabBarTests.ArchitectureBatch10TextFileLoaderTests" name="TextFileLoader_NestedType_Is_Extracted" />
    </UnitTest>
  </TestDefinitions>
  <TestEntries>
    <TestEntry testId="690eaa2f-3ec8-b9a1-f85b-0c9f18ca4a44" executionId="d5e30c5b-0bd4-44a0-8d07-0d05d32d1cdd" testListId="8c84fa94-04c1-424b-9868-57a2d4851a1d" />
    <TestEntry testId="f144c483-d9b2-0e6e-0104-1138b0b8d95e" executionId="d2a529c8-6410-4e60-ac0c-68903aaede65" testListId="8c84fa94-04c1-424b-9868-57a2d4851a1d" />
    <TestEntry testId="04d7f7c7-4d74-4bac-27a2-8043fabddce2" executionId="c994b3a7-937c-4716-bbe9-e3141de9626f" testListId="8c84fa94-04c1-424b-9868-57a2d4851a1d" />
  </TestEntries>
  <TestLists>
    <TestList name="列表中未列出的结果" id="8c84fa94-04c1-424b-9868-57a2d4851a1d" />
    <TestList name="所有已加载的结果" id="19431567-8539-422a-85d7-44ee4e166bda" />
  </TestLists>
  <ResultSummary outcome="Failed">
    <Counters total="3" executed="3" passed="0" failed="3" error="0" timeout="0" aborted="0" inconclusive="0" passedButRunAborted="0" notRunnable="0" notExecuted="0" disconnected="0" warning="0" completed="0" inProgress="0" pending="0" />
    <Output>
      <StdOut>NUnit Adapter 4.5.0.0: Test execution started&#xD;
Running selected tests in D:\Project\QTTabBar-Next\Tests\QTTtabBarTests\bin\Debug\net48\QTTtabBarTests.dll&#xD;
   NUnit3TestExecutor discovered 3 of 3 NUnit test cases using Current Discovery mode, Non-Explicit run&#xD;
NUnit Adapter 4.5.0.0: Test execution complete&#xD;
</StdOut>
    </Output>
  </ResultSummary>
</TestRun>