<?xml version="1.0" encoding="utf-8"?>
<TestRun id="564c2831-36a6-4163-876d-49be8e3494d6" name="coxte@RAINPC 2026-07-10 12:18:01" runUser="RAINPC\coxte" xmlns="http://microsoft.com/schemas/VisualStudio/TeamTest/2010">
  <Times creation="2026-07-10T12:18:01.5265517+08:00" queuing="2026-07-10T12:18:01.5265517+08:00" start="2026-07-10T12:18:00.1245678+08:00" finish="2026-07-10T12:18:01.5461931+08:00" />
  <TestSettings name="default" id="93039e70-dfbb-434b-844d-fc41ba4ebdb2">
    <Deployment runDeploymentRoot="coxte_RAINPC_2026-07-10_12_18_01" />
  </TestSettings>
  <Results>
    <UnitTestResult executionId="3e2483a9-29ed-46b3-969f-5b2fb42e6f56" testId="965fec8d-cb61-d4a4-cfc8-ec0502034b79" testName="SubDirTipForm_Delegates_DragDrop_To_Controller" computerName="RAINPC" duration="00:00:00.0030000" startTime="2026-07-10T12:18:01.4036871+08:00" endTime="2026-07-10T12:18:01.4063258+08:00" testType="13cdc9d9-ddb5-4fa4-a97d-d965ccfc6d4b" outcome="Failed" testListId="8c84fa94-04c1-424b-9868-57a2d4851a1d" relativeResultsDirectory="3e2483a9-29ed-46b3-969f-5b2fb42e6f56">
      <Output>
        <ErrorInfo>
          <Message>  SubDirTipForm should declare and use the extracted DragDropController&#xD;
  Expected: True&#xD;
  But was:  False&#xD;
</Message>
          <StackTrace>   在 QTTtabBarTests.ArchitectureBatch7DragDropControllerTests.SubDirTipForm_Delegates_DragDrop_To_Controller() 位置 D:\Project\QTTabBar-Next\Tests\QTTtabBarTests\ArchitectureBatch7DragDropControllerTests.cs:行号 61&#xD;

1)    在 QTTtabBarTests.ArchitectureBatch7DragDropControllerTests.SubDirTipForm_Delegates_DragDrop_To_Controller() 位置 D:\Project\QTTabBar-Next\Tests\QTTtabBarTests\ArchitectureBatch7DragDropControllerTests.cs:行号 61&#xD;

</StackTrace>
        </ErrorInfo>
      </Output>
    </UnitTestResult>
    <UnitTestResult executionId="14af708e-4004-47a7-99b3-eb0c8d2f5efb" testId="e9064fae-4997-58ba-965a-da74352594a9" testName="DragDropController_NestedType_Is_Extracted" computerName="RAINPC" duration="00:00:00.0010000" startTime="2026-07-10T12:18:01.4026873+08:00" endTime="2026-07-10T12:18:01.4036871+08:00" testType="13cdc9d9-ddb5-4fa4-a97d-d965ccfc6d4b" outcome="Failed" testListId="8c84fa94-04c1-424b-9868-57a2d4851a1d" relativeResultsDirectory="14af708e-4004-47a7-99b3-eb0c8d2f5efb">
      <Output>
        <ErrorInfo>
          <Message>  DragDropController nested controller must be extracted from SubDirTipForm&#xD;
  Expected: not null&#xD;
  But was:  null&#xD;
</Message>
          <StackTrace>   在 QTTtabBarTests.ArchitectureBatch7DragDropControllerTests.DragDropController_NestedType_Is_Extracted() 位置 D:\Project\QTTabBar-Next\Tests\QTTtabBarTests\ArchitectureBatch7DragDropControllerTests.cs:行号 29&#xD;

1)    在 QTTtabBarTests.ArchitectureBatch7DragDropControllerTests.DragDropController_NestedType_Is_Extracted() 位置 D:\Project\QTTabBar-Next\Tests\QTTtabBarTests\ArchitectureBatch7DragDropControllerTests.cs:行号 29&#xD;

</StackTrace>
        </ErrorInfo>
      </Output>
    </UnitTestResult>
    <UnitTestResult executionId="a28c6b4d-22f7-480f-ae06-dd04e876ff33" testId="73582fa4-386f-0273-6ad0-ad40d02e9ca5" testName="DragDrop_Methods_Moved_Into_Controller" computerName="RAINPC" duration="00:00:00.0540000" startTime="2026-07-10T12:18:01.3476584+08:00" endTime="2026-07-10T12:18:01.4007039+08:00" testType="13cdc9d9-ddb5-4fa4-a97d-d965ccfc6d4b" outcome="Failed" testListId="8c84fa94-04c1-424b-9868-57a2d4851a1d" relativeResultsDirectory="a28c6b4d-22f7-480f-ae06-dd04e876ff33">
      <Output>
        <ErrorInfo>
          <Message>  DragDropController must exist&#xD;
  Expected: not null&#xD;
  But was:  null&#xD;
</Message>
          <StackTrace>   在 QTTtabBarTests.ArchitectureBatch7DragDropControllerTests.DragDrop_Methods_Moved_Into_Controller() 位置 D:\Project\QTTabBar-Next\Tests\QTTtabBarTests\ArchitectureBatch7DragDropControllerTests.cs:行号 46&#xD;

1)    在 QTTtabBarTests.ArchitectureBatch7DragDropControllerTests.DragDrop_Methods_Moved_Into_Controller() 位置 D:\Project\QTTabBar-Next\Tests\QTTtabBarTests\ArchitectureBatch7DragDropControllerTests.cs:行号 46&#xD;

</StackTrace>
        </ErrorInfo>
      </Output>
    </UnitTestResult>
    <UnitTestResult executionId="ea138d2a-1175-42ef-aeff-2bd4702c3423" testId="7564a1be-4d92-381e-7b30-f9c1a902b65a" testName="DragDropController_Holds_Owner_BackReference" computerName="RAINPC" duration="00:00:00.0010000" startTime="2026-07-10T12:18:01.4017087+08:00" endTime="2026-07-10T12:18:01.4026873+08:00" testType="13cdc9d9-ddb5-4fa4-a97d-d965ccfc6d4b" outcome="Failed" testListId="8c84fa94-04c1-424b-9868-57a2d4851a1d" relativeResultsDirectory="ea138d2a-1175-42ef-aeff-2bd4702c3423">
      <Output>
        <ErrorInfo>
          <Message>  DragDropController must exist&#xD;
  Expected: not null&#xD;
  But was:  null&#xD;
</Message>
          <StackTrace>   在 QTTtabBarTests.ArchitectureBatch7DragDropControllerTests.DragDropController_Holds_Owner_BackReference() 位置 D:\Project\QTTabBar-Next\Tests\QTTtabBarTests\ArchitectureBatch7DragDropControllerTests.cs:行号 36&#xD;

1)    在 QTTtabBarTests.ArchitectureBatch7DragDropControllerTests.DragDropController_Holds_Owner_BackReference() 位置 D:\Project\QTTabBar-Next\Tests\QTTtabBarTests\ArchitectureBatch7DragDropControllerTests.cs:行号 36&#xD;

</StackTrace>
        </ErrorInfo>
      </Output>
    </UnitTestResult>
  </Results>
  <TestDefinitions>
    <UnitTest name="SubDirTipForm_Delegates_DragDrop_To_Controller" storage="d:\project\qttabbar-next\tests\qtttabbartests\bin\debug\net48\qtttabbartests.dll" id="965fec8d-cb61-d4a4-cfc8-ec0502034b79">
      <Execution id="3e2483a9-29ed-46b3-969f-5b2fb42e6f56" />
      <TestMethod codeBase="D:\Project\QTTabBar-Next\Tests\QTTtabBarTests\bin\Debug\net48\QTTtabBarTests.dll" adapterTypeName="executor://nunit3testexecutor/" className="QTTtabBarTests.ArchitectureBatch7DragDropControllerTests" name="SubDirTipForm_Delegates_DragDrop_To_Controller" />
    </UnitTest>
    <UnitTest name="DragDropController_NestedType_Is_Extracted" storage="d:\project\qttabbar-next\tests\qtttabbartests\bin\debug\net48\qtttabbartests.dll" id="e9064fae-4997-58ba-965a-da74352594a9">
      <Execution id="14af708e-4004-47a7-99b3-eb0c8d2f5efb" />
      <TestMethod codeBase="D:\Project\QTTabBar-Next\Tests\QTTtabBarTests\bin\Debug\net48\QTTtabBarTests.dll" adapterTypeName="executor://nunit3testexecutor/" className="QTTtabBarTests.ArchitectureBatch7DragDropControllerTests" name="DragDropController_NestedType_Is_Extracted" />
    </UnitTest>
    <UnitTest name="DragDrop_Methods_Moved_Into_Controller" storage="d:\project\qttabbar-next\tests\qtttabbartests\bin\debug\net48\qtttabbartests.dll" id="73582fa4-386f-0273-6ad0-ad40d02e9ca5">
      <Execution id="a28c6b4d-22f7-480f-ae06-dd04e876ff33" />
      <TestMethod codeBase="D:\Project\QTTabBar-Next\Tests\QTTtabBarTests\bin\Debug\net48\QTTtabBarTests.dll" adapterTypeName="executor://nunit3testexecutor/" className="QTTtabBarTests.ArchitectureBatch7DragDropControllerTests" name="DragDrop_Methods_Moved_Into_Controller" />
    </UnitTest>
    <UnitTest name="DragDropController_Holds_Owner_BackReference" storage="d:\project\qttabbar-next\tests\qtttabbartests\bin\debug\net48\qtttabbartests.dll" id="7564a1be-4d92-381e-7b30-f9c1a902b65a">
      <Execution id="ea138d2a-1175-42ef-aeff-2bd4702c3423" />
      <TestMethod codeBase="D:\Project\QTTabBar-Next\Tests\QTTtabBarTests\bin\Debug\net48\QTTtabBarTests.dll" adapterTypeName="executor://nunit3testexecutor/" className="QTTtabBarTests.ArchitectureBatch7DragDropControllerTests" name="DragDropController_Holds_Owner_BackReference" />
    </UnitTest>
  </TestDefinitions>
  <TestEntries>
    <TestEntry testId="965fec8d-cb61-d4a4-cfc8-ec0502034b79" executionId="3e2483a9-29ed-46b3-969f-5b2fb42e6f56" testListId="8c84fa94-04c1-424b-9868-57a2d4851a1d" />
    <TestEntry testId="e9064fae-4997-58ba-965a-da74352594a9" executionId="14af708e-4004-47a7-99b3-eb0c8d2f5efb" testListId="8c84fa94-04c1-424b-9868-57a2d4851a1d" />
    <TestEntry testId="73582fa4-386f-0273-6ad0-ad40d02e9ca5" executionId="a28c6b4d-22f7-480f-ae06-dd04e876ff33" testListId="8c84fa94-04c1-424b-9868-57a2d4851a1d" />
    <TestEntry testId="7564a1be-4d92-381e-7b30-f9c1a902b65a" executionId="ea138d2a-1175-42ef-aeff-2bd4702c3423" testListId="8c84fa94-04c1-424b-9868-57a2d4851a1d" />
  </TestEntries>
  <TestLists>
    <TestList name="列表中未列出的结果" id="8c84fa94-04c1-424b-9868-57a2d4851a1d" />
    <TestList name="所有已加载的结果" id="19431567-8539-422a-85d7-44ee4e166bda" />
  </TestLists>
  <ResultSummary outcome="Failed">
    <Counters total="4" executed="4" passed="0" failed="4" error="0" timeout="0" aborted="0" inconclusive="0" passedButRunAborted="0" notRunnable="0" notExecuted="0" disconnected="0" warning="0" completed="0" inProgress="0" pending="0" />
    <Output>
      <StdOut>NUnit Adapter 4.5.0.0: Test execution started&#xD;
Running selected tests in D:\Project\QTTabBar-Next\Tests\QTTtabBarTests\bin\Debug\net48\QTTtabBarTests.dll&#xD;
   NUnit3TestExecutor discovered 4 of 4 NUnit test cases using Current Discovery mode, Non-Explicit run&#xD;
NUnit Adapter 4.5.0.0: Test execution complete&#xD;
</StdOut>
    </Output>
  </ResultSummary>
</TestRun>